# JRE version: OpenJDK Runtime Environment (8.0_242-b01) (build 1.8.0_242-release-1644-b01)
# Java VM: OpenJDK 64-Bit Server VM (25.242-b01 mixed mode windows-amd64 compressed oops)
Heap:
 PSYoungGen      total 437760K, used 241772K [0x00000000d5580000, 0x00000000f1480000, 0x0000000100000000)
  eden space 417792K, 57% used [0x00000000d5580000,0x00000000e419b238,0x00000000eed80000)
  from space 19968K, 0% used [0x00000000eed80000,0x00000000eed80000,0x00000000f0100000)
  to   space 15872K, 0% used [0x00000000f0500000,0x00000000f0500000,0x00000000f1480000)
 ParOldGen       total 159744K, used 38024K [0x0000000080000000, 0x0000000089c00000, 0x00000000d5580000)
  object space 159744K, 23% used [0x0000000080000000,0x0000000082522308,0x0000000089c00000)
 Metaspace       used 70049K, capacity 72936K, committed 73088K, reserved 1112064K
  class space    used 9425K, capacity 10004K, committed 10112K, reserved 1048576K
GC Heap History (10 events):
Event: 10.003 GC heap before
{Heap before GC invocations=24 (full 2):
 PSYoungGen      total 388608K, used 384128K [0x00000000d5580000, 0x00000000f1e80000, 0x0000000100000000)
  eden space 372224K, 100% used [0x00000000d5580000,0x00000000ec100000,0x00000000ec100000)
  from space 16384K, 72% used [0x00000000ec100000,0x00000000ecca0010,0x00000000ed100000)
  to   space 18432K, 0% used [0x00000000f0c80000,0x00000000f0c80000,0x00000000f1e80000)
 ParOldGen       total 159744K, used 18913K [0x0000000080000000, 0x0000000089c00000, 0x00000000d5580000)
  object space 159744K, 11% used [0x0000000080000000,0x0000000081278500,0x0000000089c00000)
 Metaspace       used 36861K, capacity 38138K, committed 38272K, reserved 1083392K
  class space    used 4930K, capacity 5233K, committed 5248K, reserved 1048576K
Event: 10.009 GC heap after
Heap after GC invocations=24 (full 2):
 PSYoungGen      total 390656K, used 14408K [0x00000000d5580000, 0x00000000f1e80000, 0x0000000100000000)
  eden space 372224K, 0% used [0x00000000d5580000,0x00000000d5580000,0x00000000ec100000)
  from space 18432K, 78% used [0x00000000f0c80000,0x00000000f1a92300,0x00000000f1e80000)
  to   space 16384K, 0% used [0x00000000ec100000,0x00000000ec100000,0x00000000ed100000)
 ParOldGen       total 159744K, used 19549K [0x0000000080000000, 0x0000000089c00000, 0x00000000d5580000)
  object space 159744K, 12% used [0x0000000080000000,0x0000000081317510,0x0000000089c00000)
 Metaspace       used 36861K, capacity 38138K, committed 38272K, reserved 1083392K
  class space    used 4930K, capacity 5233K, committed 5248K, reserved 1048576K
}
Event: 11.697 GC heap before
{Heap before GC invocations=25 (full 2):
 PSYoungGen      total 390656K, used 386632K [0x00000000d5580000, 0x00000000f1e80000, 0x0000000100000000)
  eden space 372224K, 100% used [0x00000000d5580000,0x00000000ec100000,0x00000000ec100000)
  from space 18432K, 78% used [0x00000000f0c80000,0x00000000f1a92300,0x00000000f1e80000)
  to   space 16384K, 0% used [0x00000000ec100000,0x00000000ec100000,0x00000000ed100000)
 ParOldGen       total 159744K, used 19549K [0x0000000080000000, 0x0000000089c00000, 0x00000000d5580000)
  object space 159744K, 12% used [0x0000000080000000,0x0000000081317510,0x0000000089c00000)
 Metaspace       used 36926K, capacity 38202K, committed 38272K, reserved 1083392K
  class space    used 4937K, capacity 5233K, committed 5248K, reserved 1048576K
Event: 11.699 GC heap after
Heap after GC invocations=25 (full 2):
 PSYoungGen      total 388608K, used 4150K [0x00000000d5580000, 0x00000000f1800000, 0x0000000100000000)
  eden space 372224K, 0% used [0x00000000d5580000,0x00000000d5580000,0x00000000ec100000)
  from space 16384K, 25% used [0x00000000ec100000,0x00000000ec50dba8,0x00000000ed100000)
  to   space 19456K, 0% used [0x00000000f0500000,0x00000000f0500000,0x00000000f1800000)
 ParOldGen       total 159744K, used 19565K [0x0000000080000000, 0x0000000089c00000, 0x00000000d5580000)
  object space 159744K, 12% used [0x0000000080000000,0x000000008131b510,0x0000000089c00000)
 Metaspace       used 36926K, capacity 38202K, committed 38272K, reserved 1083392K
  class space    used 4937K, capacity 5233K, committed 5248K, reserved 1048576K
}
Event: 13.284 GC heap before
{Heap before GC invocations=26 (full 2):
 PSYoungGen      total 388608K, used 376374K [0x00000000d5580000, 0x00000000f1800000, 0x0000000100000000)
  eden space 372224K, 100% used [0x00000000d5580000,0x00000000ec100000,0x00000000ec100000)
  from space 16384K, 25% used [0x00000000ec100000,0x00000000ec50dba8,0x00000000ed100000)
  to   space 19456K, 0% used [0x00000000f0500000,0x00000000f0500000,0x00000000f1800000)
 ParOldGen       total 159744K, used 19565K [0x0000000080000000, 0x0000000089c00000, 0x00000000d5580000)
  object space 159744K, 12% used [0x0000000080000000,0x000000008131b510,0x0000000089c00000)
 Metaspace       used 43376K, capacity 45438K, committed 45696K, reserved 1089536K
  class space    used 5780K, capacity 6164K, committed 6272K, reserved 1048576K
Event: 13.290 GC heap after
Heap after GC invocations=26 (full 2):
 PSYoungGen      total 433664K, used 12937K [0x00000000d5580000, 0x00000000f1480000, 0x0000000100000000)
  eden space 417792K, 0% used [0x00000000d5580000,0x00000000d5580000,0x00000000eed80000)
  from space 15872K, 81% used [0x00000000f0500000,0x00000000f11a26d0,0x00000000f1480000)
  to   space 19968K, 0% used [0x00000000eed80000,0x00000000eed80000,0x00000000f0100000)
 ParOldGen       total 159744K, used 19581K [0x0000000080000000, 0x0000000089c00000, 0x00000000d5580000)
  object space 159744K, 12% used [0x0000000080000000,0x000000008131f510,0x0000000089c00000)
 Metaspace       used 43376K, capacity 45438K, committed 45696K, reserved 1089536K
  class space    used 5780K, capacity 6164K, committed 6272K, reserved 1048576K
}
Event: 14.499 GC heap before
{Heap before GC invocations=27 (full 2):
 PSYoungGen      total 433664K, used 244854K [0x00000000d5580000, 0x00000000f1480000, 0x0000000100000000)
  eden space 417792K, 55% used [0x00000000d5580000,0x00000000e37fb498,0x00000000eed80000)
  from space 15872K, 81% used [0x00000000f0500000,0x00000000f11a26d0,0x00000000f1480000)
  to   space 19968K, 0% used [0x00000000eed80000,0x00000000eed80000,0x00000000f0100000)
 ParOldGen       total 159744K, used 19581K [0x0000000080000000, 0x0000000089c00000, 0x00000000d5580000)
  object space 159744K, 12% used [0x0000000080000000,0x000000008131f510,0x0000000089c00000)
 Metaspace       used 56614K, capacity 59064K, committed 59136K, reserved 1099776K
  class space    used 7459K, capacity 7919K, committed 7936K, reserved 1048576K
Event: 14.510 GC heap after
Heap after GC invocations=27 (full 2):
 PSYoungGen      total 437760K, used 19963K [0x00000000d5580000, 0x00000000f1480000, 0x0000000100000000)
  eden space 417792K, 0% used [0x00000000d5580000,0x00000000d5580000,0x00000000eed80000)
  from space 19968K, 99% used [0x00000000eed80000,0x00000000f00fef18,0x00000000f0100000)
  to   space 15872K, 0% used [0x00000000f0500000,0x00000000f0500000,0x00000000f1480000)
 ParOldGen       total 159744K, used 24325K [0x0000000080000000, 0x0000000089c00000, 0x00000000d5580000)
  object space 159744K, 15% used [0x0000000080000000,0x00000000817c1678,0x0000000089c00000)
 Metaspace       used 56614K, capacity 59064K, committed 59136K, reserved 1099776K
  class space    used 7459K, capacity 7919K, committed 7936K, reserved 1048576K
}
Event: 14.511 GC heap before
{Heap before GC invocations=28 (full 3):
 PSYoungGen      total 437760K, used 19963K [0x00000000d5580000, 0x00000000f1480000, 0x0000000100000000)
  eden space 417792K, 0% used [0x00000000d5580000,0x00000000d5580000,0x00000000eed80000)
  from space 19968K, 99% used [0x00000000eed80000,0x00000000f00fef18,0x00000000f0100000)
  to   space 15872K, 0% used [0x00000000f0500000,0x00000000f0500000,0x00000000f1480000)
 ParOldGen       total 159744K, used 24325K [0x0000000080000000, 0x0000000089c00000, 0x00000000d5580000)
  object space 159744K, 15% used [0x0000000080000000,0x00000000817c1678,0x0000000089c00000)
 Metaspace       used 56614K, capacity 59064K, committed 59136K, reserved 1099776K
  class space    used 7459K, capacity 7919K, committed 7936K, reserved 1048576K
Event: 14.632 GC heap after
Heap after GC invocations=28 (full 3):
 PSYoungGen      total 437760K, used 0K [0x00000000d5580000, 0x00000000f1480000, 0x0000000100000000)
  eden space 417792K, 0% used [0x00000000d5580000,0x00000000d5580000,0x00000000eed80000)
  from space 19968K, 0% used [0x00000000eed80000,0x00000000eed80000,0x00000000f0100000)
  to   space 15872K, 0% used [0x00000000f0500000,0x00000000f0500000,0x00000000f1480000)
 ParOldGen       total 159744K, used 38024K [0x0000000080000000, 0x0000000089c00000, 0x00000000d5580000)
  object space 159744K, 23% used [0x0000000080000000,0x0000000082522308,0x0000000089c00000)
 Metaspace       used 56541K, capacity 58886K, committed 59136K, reserved 1099776K
  class space    used 7439K, capacity 7892K, committed 7936K, reserved 1048576K
}

